<?xml version="1.0" encoding="UTF-8"?>
<testng-results ignored="0" total="2" passed="2" failed="0" skipped="0">
  <reporter-output>
  </reporter-output>
  <suite started-at="2023-02-19T15:41:17 IST" name="Suite" finished-at="2023-02-19T15:41:43 IST" duration-ms="25974">
    <groups>
    </groups>
    <test started-at="2023-02-19T15:41:17 IST" name="Test" finished-at="2023-02-19T15:41:43 IST" duration-ms="25974">
      <class name="testcases.logintest">
        <test-method is-config="true" signature="setupbrowser()[pri:0, instance:testcases.logintest@49c66ade]" started-at="2023-02-19T15:41:20 IST" name="setupbrowser" finished-at="2023-02-19T15:41:32 IST" duration-ms="11552" status="PASS">
          <reporter-output>
          </reporter-output>
        </test-method> <!-- setupbrowser -->
        <test-method signature="logintoapplication(java.lang.String,java.lang.String)[pri:0, instance:testcases.logintest@49c66ade]" started-at="2023-02-19T15:41:32 IST" name="logintoapplication" data-provider="Logindetails" finished-at="2023-02-19T15:41:34 IST" duration-ms="1513" status="PASS">
          <params>
            <param index="0">
              <value>
                <![CDATA[ineuron@ineuron.ai]]>
              </value>
            </param>
            <param index="1">
              <value>
                <![CDATA[ineuron]]>
              </value>
            </param>
          </params>
          <reporter-output>
          </reporter-output>
        </test-method> <!-- logintoapplication -->
        <test-method is-config="true" signature="closebrowser()[pri:0, instance:testcases.logintest@49c66ade]" started-at="2023-02-19T15:41:34 IST" name="closebrowser" finished-at="2023-02-19T15:41:34 IST" duration-ms="579" status="PASS">
          <reporter-output>
          </reporter-output>
        </test-method> <!-- closebrowser -->
        <test-method is-config="true" signature="setupbrowser()[pri:0, instance:testcases.logintest@49c66ade]" started-at="2023-02-19T15:41:34 IST" name="setupbrowser" finished-at="2023-02-19T15:41:41 IST" duration-ms="6322" status="PASS">
          <reporter-output>
          </reporter-output>
        </test-method> <!-- setupbrowser -->
        <test-method signature="logintoapplication(java.lang.String,java.lang.String)[pri:0, instance:testcases.logintest@49c66ade]" started-at="2023-02-19T15:41:41 IST" name="logintoapplication" data-provider="Logindetails" finished-at="2023-02-19T15:41:42 IST" duration-ms="1188" status="PASS">
          <params>
            <param index="0">
              <value>
                <![CDATA[xyz@ineuron.ai]]>
              </value>
            </param>
            <param index="1">
              <value>
                <![CDATA[passtest]]>
              </value>
            </param>
          </params>
          <reporter-output>
          </reporter-output>
        </test-method> <!-- logintoapplication -->
        <test-method is-config="true" signature="closebrowser()[pri:0, instance:testcases.logintest@49c66ade]" started-at="2023-02-19T15:41:42 IST" name="closebrowser" finished-at="2023-02-19T15:41:43 IST" duration-ms="769" status="PASS">
          <reporter-output>
          </reporter-output>
        </test-method> <!-- closebrowser -->
      </class> <!-- testcases.logintest -->
    </test> <!-- Test -->
  </suite> <!-- Suite -->
</testng-results>
